app/build/intermediates/manifest_merge_blame_file/debug/manifest-merger-blame-debug-report.txt
1<?xml version="1.0" encoding="utf-8"?>
2<manifest xmlns:android="http://schemas.android.com/apk/res/android"
3    package="com.mosstech.radiostar"
4    android:versionCode="1"
5    android:versionName="1.0" >
6
7    <uses-sdk
8        android:minSdkVersion="16"
8-->src/main/AndroidManifest.xml
9        android:targetSdkVersion="28" />
9-->src/main/AndroidManifest.xml
10
11    <uses-permission android:name="android.permission.INTERNET" />
11-->src/main/AndroidManifest.xml:6:5-67
11-->src/main/AndroidManifest.xml:6:22-64
12    <uses-permission android:name="android.permission.WRITE_EXTERNAL_STORAGE" />
12-->src/main/AndroidManifest.xml:7:5-81
12-->src/main/AndroidManifest.xml:7:22-78
13    <uses-permission android:name="android.permission.ACCESS_NETWORK_STATE" />
13-->src/main/AndroidManifest.xml:8:5-79
13-->src/main/AndroidManifest.xml:8:22-76
14    <uses-permission android:name="android.permission.READ_PHONE_STATE" />
14-->src/main/AndroidManifest.xml:9:5-75
14-->src/main/AndroidManifest.xml:9:22-72
15    <uses-permission android:name="android.permission.PROCESS_OUTGOING_CALLS" />
15-->src/main/AndroidManifest.xml:10:5-81
15-->src/main/AndroidManifest.xml:10:22-78
16    <uses-permission android:name="android.permission.STORAGE" />
16-->src/main/AndroidManifest.xml:11:5-66
16-->src/main/AndroidManifest.xml:11:22-63
17    <uses-permission android:name="android.permission.WAKE_LOCK" />
17-->src/main/AndroidManifest.xml:12:5-68
17-->src/main/AndroidManifest.xml:12:22-65
18    <uses-permission android:name="android.permission.FOREGROUND_SERVICE" />
18-->src/main/AndroidManifest.xml:13:5-77
18-->src/main/AndroidManifest.xml:13:22-74
19
20    <application
20-->src/main/AndroidManifest.xml:15:5-52:19
21        android:allowBackup="true"
21-->src/main/AndroidManifest.xml:16:9-35
22        android:appComponentFactory="android.support.v4.app.CoreComponentFactory"
22-->[com.android.support:support-compat:28.0.0] AndroidManifest.xml:22:18-91
23        android:configChanges="orientation|screenSize"
23-->src/main/AndroidManifest.xml:17:9-55
24        android:debuggable="true"
25        android:icon="@drawable/logo1"
25-->src/main/AndroidManifest.xml:18:9-39
26        android:label="@string/app_name"
26-->src/main/AndroidManifest.xml:19:9-41
27        android:supportsRtl="true"
27-->src/main/AndroidManifest.xml:20:9-35
28        android:testOnly="true"
29        android:theme="@style/MaterialTheme"
29-->src/main/AndroidManifest.xml:21:9-45
30        android:usesCleartextTraffic="true" >
30-->src/main/AndroidManifest.xml:22:9-44
31        <activity android:name="com.mosstech.StarRadio.PlayerFullScreenActivity" />
31-->src/main/AndroidManifest.xml:24:9-62
31-->src/main/AndroidManifest.xml:24:19-59
32        <activity
32-->src/main/AndroidManifest.xml:25:9-32:20
33            android:name="com.mosstech.StarRadio.MainActivity"
33-->src/main/AndroidManifest.xml:25:19-47
34            android:windowSoftInputMode="adjustNothing" >
34-->src/main/AndroidManifest.xml:26:13-56
35            <intent-filter>
35-->src/main/AndroidManifest.xml:27:13-31:29
36                <action android:name="android.intent.action.MAIN" />
36-->src/main/AndroidManifest.xml:28:17-69
36-->src/main/AndroidManifest.xml:28:25-66
37
38                <category android:name="android.intent.category.LAUNCHER" />
38-->src/main/AndroidManifest.xml:30:17-77
38-->src/main/AndroidManifest.xml:30:27-74
39            </intent-filter>
40        </activity>
41
42        <service android:name="com.mosstech.StarRadio.Service.MusicService" />
42-->src/main/AndroidManifest.xml:34:9-57
42-->src/main/AndroidManifest.xml:34:18-54
43
44        <receiver
44-->src/main/AndroidManifest.xml:36:9-46:20
45            android:name="com.mosstech.StarRadio.Receivers.PhoneChangeReceiver"
45-->src/main/AndroidManifest.xml:37:13-58
46            android:enabled="true"
46-->src/main/AndroidManifest.xml:38:13-35
47            android:exported="true"
47-->src/main/AndroidManifest.xml:39:13-36
48            android:label="NetworkChangeReceiver" >
48-->src/main/AndroidManifest.xml:40:13-50
49            <intent-filter>
49-->src/main/AndroidManifest.xml:41:13-45:29
50                <action android:name="android.net.conn.CONNECTIVITY_CHANGE" />
50-->src/main/AndroidManifest.xml:42:17-79
50-->src/main/AndroidManifest.xml:42:25-76
51                <action android:name="android.intent.action.PHONE_STATE" />
51-->src/main/AndroidManifest.xml:43:17-76
51-->src/main/AndroidManifest.xml:43:25-73
52                <action android:name="android.intent.action.HEADSET_PLUG" />
52-->src/main/AndroidManifest.xml:44:17-77
52-->src/main/AndroidManifest.xml:44:25-74
53            </intent-filter>
54        </receiver>
55
56        <activity
56-->src/main/AndroidManifest.xml:48:9-51:47
57            android:name="com.mosstech.StarRadio.SettingsActivity"
57-->src/main/AndroidManifest.xml:49:13-45
58            android:label="Ayarlar"
58-->src/main/AndroidManifest.xml:50:13-36
59            android:theme="@style/AppTheme" />
59-->src/main/AndroidManifest.xml:51:13-44
60
61        <provider
61-->[com.squareup.picasso:picasso:2.71828] AndroidManifest.xml:8:9-11:40
62            android:name="com.squareup.picasso.PicassoProvider"
62-->[com.squareup.picasso:picasso:2.71828] AndroidManifest.xml:9:13-64
63            android:authorities="com.mosstech.radiostar.com.squareup.picasso"
63-->[com.squareup.picasso:picasso:2.71828] AndroidManifest.xml:10:13-72
64            android:exported="false" />
64-->[com.squareup.picasso:picasso:2.71828] AndroidManifest.xml:11:13-37
65    </application>
66
67</manifest>